\BOOKMARK [0][]{Inhaltsverzeichnis.0}{Inhaltsverzeichnis}{}% 1
\BOOKMARK [0][]{chapter.1}{1 Theoretische Grundlagen}{}% 2
\BOOKMARK [1][-]{section.1.1}{1.1 Ziel des Experiments}{chapter.1}% 3
\BOOKMARK [1][-]{section.1.2}{1.2 Black Lipid Membran Methode}{chapter.1}% 4
\BOOKMARK [1][-]{section.1.3}{1.3 Gramicidin A}{chapter.1}% 5
\BOOKMARK [1][-]{section.1.4}{1.4 Generierung der Membran}{chapter.1}% 6
\BOOKMARK [1][-]{section.1.5}{1.5 Einzelkanal Messungen}{chapter.1}% 7
\BOOKMARK [1][-]{section.1.6}{1.6 Multikanal Messungen}{chapter.1}% 8
\BOOKMARK [1][-]{section.1.7}{1.7 Weitere Analysen}{chapter.1}% 9
\BOOKMARK [1][-]{section.1.8}{1.8 Gausssche Fehlerfortpflanzung}{chapter.1}% 10
\BOOKMARK [0][]{chapter.2}{2 Versuchsablauf}{}% 11
\BOOKMARK [1][-]{section.2.1}{2.1 Lipid membrane preparation}{chapter.2}% 12
\BOOKMARK [1][-]{section.2.2}{2.2 Measurement of single channels}{chapter.2}% 13
\BOOKMARK [1][-]{section.2.3}{2.3 Measurement of multiple channels}{chapter.2}% 14
\BOOKMARK [1][-]{section.2.4}{2.4 Further questions}{chapter.2}% 15
\BOOKMARK [0][]{chapter.3}{3 Versuchsauswertung Teil 1}{}% 16
\BOOKMARK [1][-]{section.3.1}{3.1 Auftragen der Membran}{chapter.3}% 17
\BOOKMARK [1][-]{section.3.2}{3.2 Membranfl\344che}{chapter.3}% 18
\BOOKMARK [1][-]{section.3.3}{3.3 Kapazit\344t}{chapter.3}% 19
\BOOKMARK [1][-]{section.3.4}{3.4 Dicke}{chapter.3}% 20
\BOOKMARK [1][-]{section.3.5}{3.5 spezifische Kapazit\344t}{chapter.3}% 21
\BOOKMARK [1][-]{section.3.6}{3.6 Durchbruchspannung, maximales E-Feld, Aufnahmequalit\344t}{chapter.3}% 22
\BOOKMARK [1][-]{section.3.7}{3.7 Widerstand}{chapter.3}% 23
\BOOKMARK [0][]{chapter.4}{4 Versuchsauswertung Teil 2}{}% 24
\BOOKMARK [1][-]{section.4.1}{4.1 Stromfluss durch einen einzelnen Kanal}{chapter.4}% 25
\BOOKMARK [1][-]{section.4.2}{4.2 Einzelkanal-Leitf\344higkeit}{chapter.4}% 26
\BOOKMARK [1][-]{section.4.3}{4.3 Kanal\366ffnungszeit - Einzelkanalvermessung}{chapter.4}% 27
\BOOKMARK [1][-]{section.4.4}{4.4 Kanal\366ffnungszeit - Multikanalvermessung}{chapter.4}% 28
