
########################################
# Fit performed on 2017-04-23 19:55:40 #
########################################

###########
# Dataset #
###########

# axis 0: x-axis
# datapoints
1.000000e+00
1.400000e+00
1.990000e+00
3.210000e+00
3.800000e+00

# axis 1: y-axis
# datapoints
1.112000e+00
1.440000e+00
1.930000e+00
2.990000e+00
3.320000e+00


################
# Fit function #
################

linear_2par(x; slope, y_intercept) = slope * x + y_intercept

##############
# Fit result #
##############

# value        error    correlations
# slope
8.0689e-01   4.20e-01   
# y_intercept
3.1869e-01   1.06e+00   -0.906   

########################
# Final fit parameters #
########################

slope = 0.81 +- 0.42
y_intercept = 0.3 +- 1.1

###############
# Fit details #
###############

USING    iminuit
FCN/ndf  0.0111/3 = 0.0037
EdM      5.63858e-25
UP       1
STA      Error matrix accurate

chi2prob 1.0
HYPTEST  accepted (sig. 5%)


########################################
# Fit performed on 2017-04-23 19:57:20 #
########################################

###########
# Dataset #
###########

# axis 0: x-axis
# datapoints	uncor. err.
1.000000e+00	2.210000e-01
1.400000e+00	4.210000e-01
1.990000e+00	2.200000e-01
3.210000e+00	2.000000e-01
3.800000e+00	2.440000e-01

# axis 1: y-axis
# datapoints
1.112000e+00
1.440000e+00
1.930000e+00
2.990000e+00
3.320000e+00


################
# Fit function #
################

linear_2par(x; slope, y_intercept) = slope * x + y_intercept

##############
# Fit result #
##############

# value        error    correlations
# slope
8.1196e-01   8.18e-02   
# y_intercept
3.1472e-01   2.15e-01   -0.916   

########################
# Final fit parameters #
########################

slope = 0.812 +- 0.082
y_intercept = 0.31 +- 0.22

###############
# Fit details #
###############

USING    iminuit
FCN/ndf  0.352/3 = 0.117
EdM      1.93011e-24
UP       1
STA      Error matrix accurate

chi2prob 0.95
HYPTEST  accepted (sig. 5%)


########################################
# Fit performed on 2017-04-23 20:04:25 #
########################################

###########
# Dataset #
###########

# axis 0: x-axis
# datapoints	uncor. err.
1.000000e+00	2.210000e-01
1.400000e+00	4.210000e-01
1.990000e+00	2.200000e-01
3.210000e+00	2.000000e-01
3.800000e+00	2.440000e-01

# axis 1: y-axis
# datapoints
1.112000e+00
1.440000e+00
1.930000e+00
2.990000e+00
3.320000e+00


################
# Fit function #
################

linear_2par(x; slope, y_intercept) = slope * x + y_intercept

##############
# Fit result #
##############

# value        error    correlations
# slope
8.1196e-01   8.18e-02   
# y_intercept
3.1472e-01   2.15e-01   -0.916   

########################
# Final fit parameters #
########################

slope = 0.812 +- 0.082
y_intercept = 0.31 +- 0.22

###############
# Fit details #
###############

USING    iminuit
FCN/ndf  0.352/3 = 0.117
EdM      1.93011e-24
UP       1
STA      Error matrix accurate

chi2prob 0.95
HYPTEST  accepted (sig. 5%)


########################################
# Fit performed on 2017-04-23 20:05:05 #
########################################

###########
# Dataset #
###########

# axis 0: x-axis
# datapoints	uncor. err.
1.000000e+00	2.210000e-01
1.400000e+00	4.210000e-01
1.990000e+00	2.200000e-01
3.210000e+00	2.000000e-01
3.800000e+00	2.440000e-01

# axis 1: y-axis
# datapoints
1.112000e+00
1.440000e+00
1.930000e+00
2.990000e+00
3.320000e+00


################
# Fit function #
################

linear_2par(x; slope, y_intercept) = slope * x + y_intercept

##############
# Fit result #
##############

# value        error    correlations
# slope
8.1196e-01   8.18e-02   
# y_intercept
3.1472e-01   2.15e-01   -0.916   

########################
# Final fit parameters #
########################

slope = 0.812 +- 0.082
y_intercept = 0.31 +- 0.22

###############
# Fit details #
###############

USING    iminuit
FCN/ndf  0.352/3 = 0.117
EdM      1.93011e-24
UP       1
STA      Error matrix accurate

chi2prob 0.95
HYPTEST  accepted (sig. 5%)


########################################
# Fit performed on 2017-04-23 20:08:05 #
########################################

###########
# Dataset #
###########

# axis 0: x-axis
# datapoints	uncor. err.
1.000000e+00	2.210000e-01
1.400000e+00	4.210000e-01
1.990000e+00	2.200000e-01
3.210000e+00	2.000000e-01
3.800000e+00	2.440000e-01

# axis 1: y-axis
# datapoints
1.112000e+00
1.440000e+00
1.930000e+00
2.990000e+00
3.320000e+00


################
# Fit function #
################

fit_func(x; a, b, c) = <expression not specified>


########################################
# Fit performed on 2017-04-23 20:08:20 #
########################################

###########
# Dataset #
###########

# axis 0: x-axis
# datapoints	uncor. err.
1.000000e+00	2.210000e-01
1.400000e+00	4.210000e-01
1.990000e+00	2.200000e-01
3.210000e+00	2.000000e-01
3.800000e+00	2.440000e-01

# axis 1: y-axis
# datapoints
1.112000e+00
1.440000e+00
1.930000e+00
2.990000e+00
3.320000e+00


################
# Fit function #
################

fit_func(x; a, b, c) = <expression not specified>


########################################
# Fit performed on 2017-04-23 20:08:30 #
########################################

###########
# Dataset #
###########

# axis 0: x-axis
# datapoints	uncor. err.
1.000000e+00	2.210000e-01
1.400000e+00	4.210000e-01
1.990000e+00	2.200000e-01
3.210000e+00	2.000000e-01
3.800000e+00	2.440000e-01

# axis 1: y-axis
# datapoints
1.112000e+00
1.440000e+00
1.930000e+00
2.990000e+00
3.320000e+00


################
# Fit function #
################

fit_func(x; a, b, c) = <expression not specified>

##############
# Fit result #
##############

# value        error    correlations
# a
7.8448e+01   1.13e+00   
# b
1.0108e-02   1.00e-03   -0.220   
# c
-7.8115e+01   1.13e+00   -0.983   0.053   

########################
# Final fit parameters #
########################

a = 78.4 +- 1.1
b = 0.0101 +- 0.001
c = -78.1 +- 1.1

###############
# Fit details #
###############

USING    iminuit
FCN/ndf  0.372/2 = 0.186
EdM      7.30669e-06
UP       1
STA      Error matrix forced positive definite!

chi2prob 0.83
HYPTEST  accepted (sig. 5%)


########################################
# Fit performed on 2017-04-23 20:13:00 #
########################################

###########
# Dataset #
###########

# axis 0: x-axis
# datapoints	uncor. err.
1.000000e+00	2.210000e-01
1.400000e+00	4.210000e-01
1.990000e+00	2.200000e-01
3.210000e+00	2.000000e-01
3.800000e+00	2.440000e-01

# axis 1: y-axis
# datapoints
1.112000e+00
1.440000e+00
1.930000e+00
2.990000e+00
3.320000e+00


################
# Fit function #
################

fit_func(x; a, b, c) = <expression not specified>

##############
# Fit result #
##############

# value        error    correlations
# a
7.8448e+01   1.13e+00   
# b
1.0108e-02   1.00e-03   -0.220   
# c
-7.8115e+01   1.13e+00   -0.983   0.053   

########################
# Final fit parameters #
########################

a = 78.4 +- 1.1
b = 0.0101 +- 0.001
c = -78.1 +- 1.1

###############
# Fit details #
###############

USING    iminuit
FCN/ndf  0.372/2 = 0.186
EdM      7.30669e-06
UP       1
STA      Error matrix forced positive definite!

chi2prob 0.83
HYPTEST  accepted (sig. 5%)


########################################
# Fit performed on 2017-04-23 20:15:59 #
########################################

###########
# Dataset #
###########

# axis 0: =stuhl
# datapoints	uncor. err.
1.000000e+00	2.210000e-01
1.400000e+00	4.210000e-01
1.990000e+00	2.200000e-01
3.210000e+00	2.000000e-01
3.800000e+00	2.440000e-01

# axis 1: y-axis
# datapoints
1.112000e+00
1.440000e+00
1.930000e+00
2.990000e+00
3.320000e+00


################
# Fit function #
################

fit_func(x; a, b, c) = <expression not specified>

##############
# Fit result #
##############

# value        error    correlations
# a
7.8448e+01   1.13e+00   
# b
1.0108e-02   1.00e-03   -0.220   
# c
-7.8115e+01   1.13e+00   -0.983   0.053   

########################
# Final fit parameters #
########################

a = 78.4 +- 1.1
b = 0.0101 +- 0.001
c = -78.1 +- 1.1

###############
# Fit details #
###############

USING    iminuit
FCN/ndf  0.372/2 = 0.186
EdM      7.30669e-06
UP       1
STA      Error matrix forced positive definite!

chi2prob 0.83
HYPTEST  accepted (sig. 5%)


########################################
# Fit performed on 2017-04-23 20:16:10 #
########################################

###########
# Dataset #
###########

# axis 0: x-axis
# datapoints	uncor. err.
1.000000e+00	2.210000e-01
1.400000e+00	4.210000e-01
1.990000e+00	2.200000e-01
3.210000e+00	2.000000e-01
3.800000e+00	2.440000e-01

# axis 1: y-axis
# datapoints
1.112000e+00
1.440000e+00
1.930000e+00
2.990000e+00
3.320000e+00


################
# Fit function #
################

fit_func(x; a, b, c) = <expression not specified>

##############
# Fit result #
##############

# value        error    correlations
# a
7.8448e+01   1.13e+00   
# b
1.0108e-02   1.00e-03   -0.220   
# c
-7.8115e+01   1.13e+00   -0.983   0.053   

########################
# Final fit parameters #
########################

a = 78.4 +- 1.1
b = 0.0101 +- 0.001
c = -78.1 +- 1.1

###############
# Fit details #
###############

USING    iminuit
FCN/ndf  0.372/2 = 0.186
EdM      7.30669e-06
UP       1
STA      Error matrix forced positive definite!

chi2prob 0.83
HYPTEST  accepted (sig. 5%)


########################################
# Fit performed on 2017-04-23 20:17:01 #
########################################

###########
# Dataset #
###########

# axis 0: bla
# datapoints
1.000000e+00
1.400000e+00
1.990000e+00
3.210000e+00
3.800000e+00

# axis 1: gülle
# datapoints
1.112000e+00
1.440000e+00
1.930000e+00
2.990000e+00
3.320000e+00


################
# Fit function #
################

linear_2par(x; slope, y_intercept) = slope * x + y_intercept

##############
# Fit result #
##############

# value        error    correlations
# slope
8.0689e-01   4.20e-01   
# y_intercept
3.1869e-01   1.06e+00   -0.906   

########################
# Final fit parameters #
########################

slope = 0.81 +- 0.42
y_intercept = 0.3 +- 1.1

###############
# Fit details #
###############

USING    iminuit
FCN/ndf  0.0111/3 = 0.0037
EdM      5.63858e-25
UP       1
STA      Error matrix accurate

chi2prob 1.0
HYPTEST  accepted (sig. 5%)


########################################
# Fit performed on 2017-04-23 20:17:10 #
########################################

###########
# Dataset #
###########

# axis 0: bla
# datapoints
1.000000e+00
1.400000e+00
1.990000e+00
3.210000e+00
3.800000e+00

# axis 1: cancer
# datapoints
1.112000e+00
1.440000e+00
1.930000e+00
2.990000e+00
3.320000e+00


################
# Fit function #
################

linear_2par(x; slope, y_intercept) = slope * x + y_intercept

##############
# Fit result #
##############

# value        error    correlations
# slope
8.0689e-01   4.20e-01   
# y_intercept
3.1869e-01   1.06e+00   -0.906   

########################
# Final fit parameters #
########################

slope = 0.81 +- 0.42
y_intercept = 0.3 +- 1.1

###############
# Fit details #
###############

USING    iminuit
FCN/ndf  0.0111/3 = 0.0037
EdM      5.63858e-25
UP       1
STA      Error matrix accurate

chi2prob 1.0
HYPTEST  accepted (sig. 5%)


########################################
# Fit performed on 2017-04-23 20:17:36 #
########################################

###########
# Dataset #
###########

# axis 0: bla
# datapoints	uncor. err.
1.000000e+00	2.210000e-01
1.400000e+00	4.210000e-01
1.990000e+00	2.200000e-01
3.210000e+00	2.000000e-01
3.800000e+00	2.440000e-01

# axis 1: cancer
# datapoints
1.112000e+00
1.440000e+00
1.930000e+00
2.990000e+00
3.320000e+00


################
# Fit function #
################

linear_2par(x; slope, y_intercept) = slope * x + y_intercept

##############
# Fit result #
##############

# value        error    correlations
# slope
8.1196e-01   8.18e-02   
# y_intercept
3.1472e-01   2.15e-01   -0.916   

########################
# Final fit parameters #
########################

slope = 0.812 +- 0.082
y_intercept = 0.31 +- 0.22

###############
# Fit details #
###############

USING    iminuit
FCN/ndf  0.352/3 = 0.117
EdM      1.93011e-24
UP       1
STA      Error matrix accurate

chi2prob 0.95
HYPTEST  accepted (sig. 5%)


########################################
# Fit performed on 2017-04-23 20:18:00 #
########################################

###########
# Dataset #
###########

# axis 0: bla
# datapoints	uncor. err.
1.000000e+00	2.210000e-01
1.400000e+00	4.210000e-01
1.990000e+00	2.200000e-01
3.210000e+00	2.000000e-01
3.800000e+00	2.440000e-01

# axis 1: cancer
# datapoints	uncor. err.
1.112000e+00	4.400000e-01
1.440000e+00	3.300000e-01
1.930000e+00	2.100000e-01
2.990000e+00	9.000000e-01
3.320000e+00	1.130000e-01


################
# Fit function #
################

linear_2par(x; slope, y_intercept) = slope * x + y_intercept

##############
# Fit result #
##############

# value        error    correlations
# slope
7.8194e-01   1.38e-01   
# y_intercept
3.5774e-01   4.01e-01   -0.927   

########################
# Final fit parameters #
########################

slope = 0.78 +- 0.14
y_intercept = 0.36 +- 0.4

###############
# Fit details #
###############

USING    iminuit
FCN/ndf  0.0273/3 = 0.0091
EdM      5.81247e-19
UP       1
STA      Error matrix accurate

chi2prob 0.999
HYPTEST  accepted (sig. 5%)


########################################
# Fit performed on 2017-04-23 20:22:10 #
########################################

###########
# Dataset #
###########

# axis 0: bla
# datapoints	uncor. err.
1.000000e+00	2.210000e-01
1.400000e+00	4.210000e-01
1.990000e+00	2.200000e-01
3.210000e+00	2.000000e-01
3.800000e+00	2.440000e-01

# axis 1: cancer
# datapoints	uncor. err.
1.112000e+00	4.400000e-01
1.440000e+00	3.300000e-01
1.930000e+00	2.100000e-01
2.990000e+00	9.000000e-01
3.320000e+00	1.130000e-01


################
# Fit function #
################

linear_2par(x; slope, y_intercept) = slope * x + y_intercept

##############
# Fit result #
##############

# value        error    correlations
# slope
7.8194e-01   1.38e-01   
# y_intercept
3.5774e-01   4.01e-01   -0.927   

########################
# Final fit parameters #
########################

slope = 0.78 +- 0.14
y_intercept = 0.36 +- 0.4

###############
# Fit details #
###############

USING    iminuit
FCN/ndf  0.0273/3 = 0.0091
EdM      5.81247e-19
UP       1
STA      Error matrix accurate

chi2prob 0.999
HYPTEST  accepted (sig. 5%)


########################################
# Fit performed on 2017-04-23 20:33:02 #
########################################

###########
# Dataset #
###########

# axis 0: t / s
# datapoints
1.000000e+00
1.400000e+00
1.990000e+00
3.210000e+00
3.800000e+00

# axis 1: kV
# datapoints	uncor. err.
1.112000e+00	2.210000e-01
1.440000e+00	4.210000e-01
1.930000e+00	2.200000e-01
2.990000e+00	2.000000e-01
3.320000e+00	2.440000e-01


################
# Fit function #
################

linear_2par(x; slope, y_intercept) = slope * x + y_intercept

##############
# Fit result #
##############

# value        error    correlations
# slope
8.1196e-01   1.01e-01   
# y_intercept
3.1472e-01   2.65e-01   -0.916   

########################
# Final fit parameters #
########################

slope = 0.81 +- 0.1
y_intercept = 0.31 +- 0.27

###############
# Fit details #
###############

USING    iminuit
FCN/ndf  0.232/3 = 0.0772
EdM      1.73226e-23
UP       1
STA      Error matrix accurate

chi2prob 0.972
HYPTEST  accepted (sig. 5%)


########################################
# Fit performed on 2017-04-23 20:33:21 #
########################################

###########
# Dataset #
###########

# axis 0: t/s
# datapoints
1.000000e+00
1.400000e+00
1.990000e+00
3.210000e+00
3.800000e+00

# axis 1: kV
# datapoints	uncor. err.
1.112000e+00	2.210000e-01
1.440000e+00	4.210000e-01
1.930000e+00	2.200000e-01
2.990000e+00	2.000000e-01
3.320000e+00	2.440000e-01


################
# Fit function #
################

linear_2par(x; slope, y_intercept) = slope * x + y_intercept

##############
# Fit result #
##############

# value        error    correlations
# slope
8.1196e-01   1.01e-01   
# y_intercept
3.1472e-01   2.65e-01   -0.916   

########################
# Final fit parameters #
########################

slope = 0.81 +- 0.1
y_intercept = 0.31 +- 0.27

###############
# Fit details #
###############

USING    iminuit
FCN/ndf  0.232/3 = 0.0772
EdM      1.73226e-23
UP       1
STA      Error matrix accurate

chi2prob 0.972
HYPTEST  accepted (sig. 5%)

