
########################################
# Fit performed on 2017-04-23 20:08:20 #
########################################

###########
# Dataset #
###########

# axis 0: x-axis
# datapoints	uncor. err.
1.000000e+00	2.210000e-01
1.400000e+00	4.210000e-01
1.990000e+00	2.200000e-01
3.210000e+00	2.000000e-01
3.800000e+00	2.440000e-01

# axis 1: y-axis
# datapoints
1.112000e+00
1.440000e+00
1.930000e+00
2.990000e+00
3.320000e+00


################
# Fit function #
################

fit_func(x; a, b, c) = <expression not specified>

