
########################################
# Fit performed on 2017-04-23 20:17:01 #
########################################

###########
# Dataset #
###########

# axis 0: bla
# datapoints
1.000000e+00
1.400000e+00
1.990000e+00
3.210000e+00
3.800000e+00

# axis 1: gülle
# datapoints
1.112000e+00
1.440000e+00
1.930000e+00
2.990000e+00
3.320000e+00


################
# Fit function #
################

linear_2par(x; slope, y_intercept) = slope * x + y_intercept

##############
# Fit result #
##############

# value        error    correlations
# slope
8.0689e-01   4.20e-01   
# y_intercept
3.1869e-01   1.06e+00   -0.906   

########################
# Final fit parameters #
########################

slope = 0.81 +- 0.42
y_intercept = 0.3 +- 1.1

###############
# Fit details #
###############

USING    iminuit
FCN/ndf  0.0111/3 = 0.0037
EdM      5.63858e-25
UP       1
STA      Error matrix accurate

chi2prob 1.0
HYPTEST  accepted (sig. 5%)

