
########################################
# Fit performed on 2017-04-23 20:13:00 #
########################################

###########
# Dataset #
###########

# axis 0: x-axis
# datapoints	uncor. err.
1.000000e+00	2.210000e-01
1.400000e+00	4.210000e-01
1.990000e+00	2.200000e-01
3.210000e+00	2.000000e-01
3.800000e+00	2.440000e-01

# axis 1: y-axis
# datapoints
1.112000e+00
1.440000e+00
1.930000e+00
2.990000e+00
3.320000e+00


################
# Fit function #
################

fit_func(x; a, b, c) = <expression not specified>

##############
# Fit result #
##############

# value        error    correlations
# a
7.8448e+01   1.13e+00   
# b
1.0108e-02   1.00e-03   -0.220   
# c
-7.8115e+01   1.13e+00   -0.983   0.053   

########################
# Final fit parameters #
########################

a = 78.4 +- 1.1
b = 0.0101 +- 0.001
c = -78.1 +- 1.1

###############
# Fit details #
###############

USING    iminuit
FCN/ndf  0.372/2 = 0.186
EdM      7.30669e-06
UP       1
STA      Error matrix forced positive definite!

chi2prob 0.83
HYPTEST  accepted (sig. 5%)

