
########################################
# Fit performed on 2017-04-23 20:04:25 #
########################################

###########
# Dataset #
###########

# axis 0: x-axis
# datapoints	uncor. err.
1.000000e+00	2.210000e-01
1.400000e+00	4.210000e-01
1.990000e+00	2.200000e-01
3.210000e+00	2.000000e-01
3.800000e+00	2.440000e-01

# axis 1: y-axis
# datapoints
1.112000e+00
1.440000e+00
1.930000e+00
2.990000e+00
3.320000e+00


################
# Fit function #
################

linear_2par(x; slope, y_intercept) = slope * x + y_intercept

##############
# Fit result #
##############

# value        error    correlations
# slope
8.1196e-01   8.18e-02   
# y_intercept
3.1472e-01   2.15e-01   -0.916   

########################
# Final fit parameters #
########################

slope = 0.812 +- 0.082
y_intercept = 0.31 +- 0.22

###############
# Fit details #
###############

USING    iminuit
FCN/ndf  0.352/3 = 0.117
EdM      1.93011e-24
UP       1
STA      Error matrix accurate

chi2prob 0.95
HYPTEST  accepted (sig. 5%)

