
########################################
# Fit performed on 2017-04-23 20:18:00 #
########################################

###########
# Dataset #
###########

# axis 0: bla
# datapoints	uncor. err.
1.000000e+00	2.210000e-01
1.400000e+00	4.210000e-01
1.990000e+00	2.200000e-01
3.210000e+00	2.000000e-01
3.800000e+00	2.440000e-01

# axis 1: cancer
# datapoints	uncor. err.
1.112000e+00	4.400000e-01
1.440000e+00	3.300000e-01
1.930000e+00	2.100000e-01
2.990000e+00	9.000000e-01
3.320000e+00	1.130000e-01


################
# Fit function #
################

linear_2par(x; slope, y_intercept) = slope * x + y_intercept

##############
# Fit result #
##############

# value        error    correlations
# slope
7.8194e-01   1.38e-01   
# y_intercept
3.5774e-01   4.01e-01   -0.927   

########################
# Final fit parameters #
########################

slope = 0.78 +- 0.14
y_intercept = 0.36 +- 0.4

###############
# Fit details #
###############

USING    iminuit
FCN/ndf  0.0273/3 = 0.0091
EdM      5.81247e-19
UP       1
STA      Error matrix accurate

chi2prob 0.999
HYPTEST  accepted (sig. 5%)

